<?xml version="1.0" encoding="UTF-8"?>
<!-- Generated by org.testng.reporters.JUnitXMLReporter -->
<testsuite ignored="6" hostname="TXCHD-LAP-187" failures="3" tests="3" name="Groups" time="0.072" errors="0" timestamp="2021-09-06T15:40:55 IST">
  <testcase classname="TestCases.LoginTest" name="createNewAccount" time="0.013">
    <failure type="java.lang.NullPointerException" message="Cannot invoke &amp;quot;org.openqa.selenium.WebDriver.findElement(org.openqa.selenium.By)&amp;quot; because &amp;quot;this.driver&amp;quot; is null">
      <![CDATA[java.lang.NullPointerException: Cannot invoke "org.openqa.selenium.WebDriver.findElement(org.openqa.selenium.By)" because "this.driver" is null
at Commons.CommonMethod.getElement(CommonMethod.java:34)
at Elements.LoginElements.validateCreateAccountlink(LoginElements.java:62)
at Pages.LoginPage.getCreateAccount(LoginPage.java:85)
at TestCases.LoginTest.createNewAccount(LoginTest.java:121)
at java.base/java.util.ArrayList.forEach(ArrayList.java:1511)
... Removed 27 stack frames]]>
    </failure>
  </testcase> <!-- createNewAccount -->
  <testcase classname="TestCases.LoginTest" name="forgotPassword" time="0.001">
    <failure type="java.lang.NullPointerException" message="Cannot invoke &amp;quot;org.openqa.selenium.WebDriver.findElement(org.openqa.selenium.By)&amp;quot; because &amp;quot;this.driver&amp;quot; is null">
      <![CDATA[java.lang.NullPointerException: Cannot invoke "org.openqa.selenium.WebDriver.findElement(org.openqa.selenium.By)" because "this.driver" is null
at Commons.CommonMethod.getElement(CommonMethod.java:34)
at Elements.LoginElements.forgetpasswordbtn(LoginElements.java:48)
at Pages.LoginPage.forgetpasswordbtn(LoginPage.java:77)
at TestCases.LoginTest.forgotPassword(LoginTest.java:130)
at java.base/java.util.ArrayList.forEach(ArrayList.java:1511)
... Removed 27 stack frames]]>
    </failure>
  </testcase> <!-- forgotPassword -->
  <testcase classname="TestCases.LoginTest" name="loginWithValidCredentials" time="0.019">
    <failure type="java.lang.NullPointerException">
      <![CDATA[java.lang.NullPointerException
at java.base/java.util.Objects.requireNonNull(Objects.java:208)
at org.openqa.selenium.interactions.Actions.<init>(Actions.java:65)
at TestCases.LoginTest.loginWithValidCredentials(LoginTest.java:45)
at java.base/java.util.ArrayList.forEach(ArrayList.java:1511)
... Removed 27 stack frames]]>
    </failure>
  </testcase> <!-- loginWithValidCredentials -->
  <testcase classname="TestCases.LoginTest" name="getfirstvalue" time="0.0">
    <ignored/>
  </testcase> <!-- getfirstvalue -->
  <testcase classname="TestCases.LoginTest" name="validatepageTitle" time="0.0">
    <ignored/>
  </testcase> <!-- validatepageTitle -->
  <testcase classname="TestCases.LoginTest" name="validatePrivacypolicyLink" time="0.0">
    <ignored/>
  </testcase> <!-- validatePrivacypolicyLink -->
  <testcase classname="TestCases.LoginTest" name="loginRequiredfieldvalidation" time="0.0">
    <ignored/>
  </testcase> <!-- loginRequiredfieldvalidation -->
  <testcase classname="TestCases.LoginTest" name="loginWithInvalidCredentials" time="0.0">
    <ignored/>
  </testcase> <!-- loginWithInvalidCredentials -->
  <testcase classname="TestCases.LoginTest" name="closeloginpopup" time="0.0">
    <ignored/>
  </testcase> <!-- closeloginpopup -->
</testsuite> <!-- Groups -->
