<?xml version="1.0" encoding="UTF-8"?>
<!-- Generated by org.testng.reporters.JUnitXMLReporter -->
<testsuite ignored="6" hostname="TXCHD-LAP-187" failures="3" tests="3" name="LoginTest" time="0.08" errors="0" timestamp="2021-09-06T16:00:38 IST">
  <testcase classname="testsLogin.LoginTest" name="createNewAccount" time="0.012">
    <failure type="java.lang.NullPointerException" message="Cannot invoke &amp;quot;org.openqa.selenium.WebDriver.findElement(org.openqa.selenium.By)&amp;quot; because &amp;quot;this.driver&amp;quot; is null">
      <![CDATA[java.lang.NullPointerException: Cannot invoke "org.openqa.selenium.WebDriver.findElement(org.openqa.selenium.By)" because "this.driver" is null
at Commons.CommonMethod.getElement(CommonMethod.java:34)
at Elements.LoginElements.validateCreateAccountlink(LoginElements.java:62)
at Pages.LoginPage.getCreateAccount(LoginPage.java:85)
at testsLogin.LoginTest.createNewAccount(LoginTest.java:114)
at java.base/java.util.ArrayList.forEach(ArrayList.java:1511)
... Removed 27 stack frames]]>
    </failure>
  </testcase> <!-- createNewAccount -->
  <testcase classname="testsLogin.LoginTest" name="forgotPassword" time="0.001">
    <failure type="java.lang.NullPointerException" message="Cannot invoke &amp;quot;org.openqa.selenium.WebDriver.findElement(org.openqa.selenium.By)&amp;quot; because &amp;quot;this.driver&amp;quot; is null">
      <![CDATA[java.lang.NullPointerException: Cannot invoke "org.openqa.selenium.WebDriver.findElement(org.openqa.selenium.By)" because "this.driver" is null
at Commons.CommonMethod.getElement(CommonMethod.java:34)
at Elements.LoginElements.forgetpasswordbtn(LoginElements.java:48)
at Pages.LoginPage.forgetpasswordbtn(LoginPage.java:77)
at testsLogin.LoginTest.forgotPassword(LoginTest.java:123)
at java.base/java.util.ArrayList.forEach(ArrayList.java:1511)
... Removed 27 stack frames]]>
    </failure>
  </testcase> <!-- forgotPassword -->
  <testcase classname="testsLogin.LoginTest" name="loginWithValidCredentials" time="0.017">
    <failure type="java.lang.NullPointerException">
      <![CDATA[java.lang.NullPointerException
at java.base/java.util.Objects.requireNonNull(Objects.java:208)
at org.openqa.selenium.interactions.Actions.<init>(Actions.java:65)
at testsLogin.LoginTest.loginWithValidCredentials(LoginTest.java:38)
at java.base/java.util.ArrayList.forEach(ArrayList.java:1511)
... Removed 27 stack frames]]>
    </failure>
  </testcase> <!-- loginWithValidCredentials -->
  <testcase classname="testsLogin.LoginTest" name="getfirstvalue" time="0.0">
    <ignored/>
  </testcase> <!-- getfirstvalue -->
  <testcase classname="testsLogin.LoginTest" name="validatepageTitle" time="0.0">
    <ignored/>
  </testcase> <!-- validatepageTitle -->
  <testcase classname="testsLogin.LoginTest" name="loginRequiredfieldvalidation" time="0.0">
    <ignored/>
  </testcase> <!-- loginRequiredfieldvalidation -->
  <testcase classname="testsLogin.LoginTest" name="validatePrivacypolicyLink" time="0.0">
    <ignored/>
  </testcase> <!-- validatePrivacypolicyLink -->
  <testcase classname="testsLogin.LoginTest" name="loginWithInvalidCredentials" time="0.0">
    <ignored/>
  </testcase> <!-- loginWithInvalidCredentials -->
  <testcase classname="testsLogin.LoginTest" name="closeloginpopup" time="0.0">
    <ignored/>
  </testcase> <!-- closeloginpopup -->
</testsuite> <!-- LoginTest -->
