<?xml version="1.0" encoding="UTF-8"?>
<testng-results ignored="0" total="4" passed="2" failed="2" skipped="0">
  <reporter-output>
  </reporter-output>
  <suite started-at="2021-09-13T18:15:17 IST" name="Default suite" finished-at="2021-09-13T18:16:28 IST" duration-ms="70910">
    <groups>
      <group name="smoke">
        <method signature="AdvertisePageTests.getAdvertisePage()[pri:2, instance:testsMoreMenuItem.AdvertisePageTests@209da20d]" name="getAdvertisePage" class="testsMoreMenuItem.AdvertisePageTests"/>
        <method signature="AdvertisePageTests.getAdvertisePageMetaTitle()[pri:1, instance:testsMoreMenuItem.AdvertisePageTests@209da20d]" name="getAdvertisePageMetaTitle" class="testsMoreMenuItem.AdvertisePageTests"/>
      </group> <!-- smoke -->
    </groups>
    <test started-at="2021-09-13T18:15:17 IST" name="Default test" finished-at="2021-09-13T18:16:28 IST" duration-ms="70910">
      <class name="testsMoreMenuItem.AdvertisePageTests">
        <test-method is-config="true" signature="setExtent()[pri:0, instance:testsMoreMenuItem.AdvertisePageTests@209da20d]" started-at="2021-09-13T18:15:17 IST" name="setExtent" finished-at="2021-09-13T18:15:17 IST" duration-ms="329" status="PASS">
          <reporter-output>
          </reporter-output>
        </test-method> <!-- setExtent -->
        <test-method is-config="true" signature="startUp()[pri:0, instance:testsMoreMenuItem.AdvertisePageTests@209da20d]" started-at="2021-09-13T18:15:17 IST" name="startUp" finished-at="2021-09-13T18:15:25 IST" duration-ms="7515" status="PASS">
          <reporter-output>
          </reporter-output>
        </test-method> <!-- startUp -->
        <test-method signature="getAdvertisePageMetaTitle()[pri:1, instance:testsMoreMenuItem.AdvertisePageTests@209da20d]" started-at="2021-09-13T18:15:25 IST" name="getAdvertisePageMetaTitle" finished-at="2021-09-13T18:15:35 IST" duration-ms="10490" status="FAIL">
          <exception class="java.lang.AssertionError">
            <message>
              <![CDATA[expected [Flipkart Ads Platform] but found []]]>
            </message>
            <full-stacktrace>
              <![CDATA[java.lang.AssertionError: expected [Flipkart Ads Platform] but found []
at org.testng.Assert.fail(Assert.java:99)
at org.testng.Assert.failNotEquals(Assert.java:1037)
at org.testng.Assert.assertEqualsImpl(Assert.java:140)
at org.testng.Assert.assertEquals(Assert.java:122)
at org.testng.Assert.assertEquals(Assert.java:629)
at org.testng.Assert.assertEquals(Assert.java:639)
at Pages.MoreMenuItemPages.getPageMetaTitle(MoreMenuItemPages.java:53)
at testsMoreMenuItem.AdvertisePageTests.getAdvertisePageMetaTitle(AdvertisePageTests.java:48)
at java.base/jdk.internal.reflect.NativeMethodAccessorImpl.invoke0(Native Method)
at java.base/jdk.internal.reflect.NativeMethodAccessorImpl.invoke(NativeMethodAccessorImpl.java:78)
at java.base/jdk.internal.reflect.DelegatingMethodAccessorImpl.invoke(DelegatingMethodAccessorImpl.java:43)
at java.base/java.lang.reflect.Method.invoke(Method.java:567)
at org.testng.internal.MethodInvocationHelper.invokeMethod(MethodInvocationHelper.java:133)
at org.testng.internal.TestInvoker.invokeMethod(TestInvoker.java:598)
at org.testng.internal.TestInvoker.invokeTestMethod(TestInvoker.java:173)
at org.testng.internal.MethodRunner.runInSequence(MethodRunner.java:46)
at org.testng.internal.TestInvoker$MethodInvocationAgent.invoke(TestInvoker.java:824)
at org.testng.internal.TestInvoker.invokeTestMethods(TestInvoker.java:146)
at org.testng.internal.TestMethodWorker.invokeTestMethods(TestMethodWorker.java:146)
at org.testng.internal.TestMethodWorker.run(TestMethodWorker.java:128)
at java.base/java.util.ArrayList.forEach(ArrayList.java:1511)
at org.testng.TestRunner.privateRun(TestRunner.java:794)
at org.testng.TestRunner.run(TestRunner.java:596)
at org.testng.SuiteRunner.runTest(SuiteRunner.java:377)
at org.testng.SuiteRunner.runSequentially(SuiteRunner.java:371)
at org.testng.SuiteRunner.privateRun(SuiteRunner.java:332)
at org.testng.SuiteRunner.run(SuiteRunner.java:276)
at org.testng.SuiteRunnerWorker.runSuite(SuiteRunnerWorker.java:53)
at org.testng.SuiteRunnerWorker.run(SuiteRunnerWorker.java:96)
at org.testng.TestNG.runSuitesSequentially(TestNG.java:1212)
at org.testng.TestNG.runSuitesLocally(TestNG.java:1134)
at org.testng.TestNG.runSuites(TestNG.java:1063)
at org.testng.TestNG.run(TestNG.java:1031)
at org.testng.remote.AbstractRemoteTestNG.run(AbstractRemoteTestNG.java:115)
at org.testng.remote.RemoteTestNG.initAndRun(RemoteTestNG.java:251)
at org.testng.remote.RemoteTestNG.main(RemoteTestNG.java:77)
]]>
            </full-stacktrace>
          </exception> <!-- java.lang.AssertionError -->
          <reporter-output>
          </reporter-output>
        </test-method> <!-- getAdvertisePageMetaTitle -->
        <test-method is-config="true" signature="tearDown(org.testng.ITestResult)[pri:0, instance:testsMoreMenuItem.AdvertisePageTests@209da20d]" started-at="2021-09-13T18:15:35 IST" name="tearDown" finished-at="2021-09-13T18:15:36 IST" duration-ms="531" status="PASS">
          <params>
            <param index="0">
              <value>
                <![CDATA[[TestResult name=getAdvertisePageMetaTitle status=FAILURE method=AdvertisePageTests.getAdvertisePageMetaTitle()[pri:1, instance:testsMoreMenuItem.AdvertisePageTests@209da20d] output={null}]]]>
              </value>
            </param>
          </params>
          <reporter-output>
          </reporter-output>
        </test-method> <!-- tearDown -->
        <test-method is-config="true" signature="startUp()[pri:0, instance:testsMoreMenuItem.AdvertisePageTests@209da20d]" started-at="2021-09-13T18:15:36 IST" name="startUp" finished-at="2021-09-13T18:15:44 IST" duration-ms="8339" status="PASS">
          <reporter-output>
          </reporter-output>
        </test-method> <!-- startUp -->
        <test-method signature="getAdvertisePage()[pri:2, instance:testsMoreMenuItem.AdvertisePageTests@209da20d]" started-at="2021-09-13T18:15:44 IST" name="getAdvertisePage" finished-at="2021-09-13T18:15:53 IST" duration-ms="8839" status="PASS">
          <reporter-output>
          </reporter-output>
        </test-method> <!-- getAdvertisePage -->
        <test-method is-config="true" signature="tearDown(org.testng.ITestResult)[pri:0, instance:testsMoreMenuItem.AdvertisePageTests@209da20d]" started-at="2021-09-13T18:15:53 IST" name="tearDown" finished-at="2021-09-13T18:15:53 IST" duration-ms="248" status="PASS">
          <params>
            <param index="0">
              <value>
                <![CDATA[[TestResult name=getAdvertisePage status=SUCCESS method=AdvertisePageTests.getAdvertisePage()[pri:2, instance:testsMoreMenuItem.AdvertisePageTests@209da20d] output={null}]]]>
              </value>
            </param>
          </params>
          <reporter-output>
          </reporter-output>
        </test-method> <!-- tearDown -->
        <test-method is-config="true" signature="startUp()[pri:0, instance:testsMoreMenuItem.AdvertisePageTests@209da20d]" started-at="2021-09-13T18:15:53 IST" name="startUp" finished-at="2021-09-13T18:16:01 IST" duration-ms="8099" status="PASS">
          <reporter-output>
          </reporter-output>
        </test-method> <!-- startUp -->
        <test-method signature="getAdvertisePageImage()[pri:3, instance:testsMoreMenuItem.AdvertisePageTests@209da20d]" started-at="2021-09-13T18:16:01 IST" name="getAdvertisePageImage" finished-at="2021-09-13T18:16:12 IST" duration-ms="10196" status="PASS">
          <reporter-output>
          </reporter-output>
        </test-method> <!-- getAdvertisePageImage -->
        <test-method is-config="true" signature="tearDown(org.testng.ITestResult)[pri:0, instance:testsMoreMenuItem.AdvertisePageTests@209da20d]" started-at="2021-09-13T18:16:12 IST" name="tearDown" finished-at="2021-09-13T18:16:12 IST" duration-ms="244" status="PASS">
          <params>
            <param index="0">
              <value>
                <![CDATA[[TestResult name=getAdvertisePageImage status=SUCCESS method=AdvertisePageTests.getAdvertisePageImage()[pri:3, instance:testsMoreMenuItem.AdvertisePageTests@209da20d] output={null}]]]>
              </value>
            </param>
          </params>
          <reporter-output>
          </reporter-output>
        </test-method> <!-- tearDown -->
        <test-method is-config="true" signature="startUp()[pri:0, instance:testsMoreMenuItem.AdvertisePageTests@209da20d]" started-at="2021-09-13T18:16:12 IST" name="startUp" finished-at="2021-09-13T18:16:19 IST" duration-ms="6676" status="PASS">
          <reporter-output>
          </reporter-output>
        </test-method> <!-- startUp -->
        <test-method signature="getAdvertisePageFormTitle()[pri:4, instance:testsMoreMenuItem.AdvertisePageTests@209da20d]" started-at="2021-09-13T18:16:19 IST" name="getAdvertisePageFormTitle" finished-at="2021-09-13T18:16:27 IST" duration-ms="8436" status="FAIL">
          <exception class="java.lang.AssertionError">
            <message>
              <![CDATA[expected [Please enter in your credentials to logins] but found [Please enter in your credentials to login]]]>
            </message>
            <full-stacktrace>
              <![CDATA[java.lang.AssertionError: expected [Please enter in your credentials to logins] but found [Please enter in your credentials to login]
at org.testng.Assert.fail(Assert.java:99)
at org.testng.Assert.failNotEquals(Assert.java:1037)
at org.testng.Assert.assertEqualsImpl(Assert.java:140)
at org.testng.Assert.assertEquals(Assert.java:122)
at org.testng.Assert.assertEquals(Assert.java:629)
at org.testng.Assert.assertEquals(Assert.java:639)
at Pages.MoreMenuItemPages.getPageFormTitle(MoreMenuItemPages.java:79)
at testsMoreMenuItem.AdvertisePageTests.getAdvertisePageFormTitle(AdvertisePageTests.java:78)
at java.base/jdk.internal.reflect.NativeMethodAccessorImpl.invoke0(Native Method)
at java.base/jdk.internal.reflect.NativeMethodAccessorImpl.invoke(NativeMethodAccessorImpl.java:78)
at java.base/jdk.internal.reflect.DelegatingMethodAccessorImpl.invoke(DelegatingMethodAccessorImpl.java:43)
at java.base/java.lang.reflect.Method.invoke(Method.java:567)
at org.testng.internal.MethodInvocationHelper.invokeMethod(MethodInvocationHelper.java:133)
at org.testng.internal.TestInvoker.invokeMethod(TestInvoker.java:598)
at org.testng.internal.TestInvoker.invokeTestMethod(TestInvoker.java:173)
at org.testng.internal.MethodRunner.runInSequence(MethodRunner.java:46)
at org.testng.internal.TestInvoker$MethodInvocationAgent.invoke(TestInvoker.java:824)
at org.testng.internal.TestInvoker.invokeTestMethods(TestInvoker.java:146)
at org.testng.internal.TestMethodWorker.invokeTestMethods(TestMethodWorker.java:146)
at org.testng.internal.TestMethodWorker.run(TestMethodWorker.java:128)
at java.base/java.util.ArrayList.forEach(ArrayList.java:1511)
at org.testng.TestRunner.privateRun(TestRunner.java:794)
at org.testng.TestRunner.run(TestRunner.java:596)
at org.testng.SuiteRunner.runTest(SuiteRunner.java:377)
at org.testng.SuiteRunner.runSequentially(SuiteRunner.java:371)
at org.testng.SuiteRunner.privateRun(SuiteRunner.java:332)
at org.testng.SuiteRunner.run(SuiteRunner.java:276)
at org.testng.SuiteRunnerWorker.runSuite(SuiteRunnerWorker.java:53)
at org.testng.SuiteRunnerWorker.run(SuiteRunnerWorker.java:96)
at org.testng.TestNG.runSuitesSequentially(TestNG.java:1212)
at org.testng.TestNG.runSuitesLocally(TestNG.java:1134)
at org.testng.TestNG.runSuites(TestNG.java:1063)
at org.testng.TestNG.run(TestNG.java:1031)
at org.testng.remote.AbstractRemoteTestNG.run(AbstractRemoteTestNG.java:115)
at org.testng.remote.RemoteTestNG.initAndRun(RemoteTestNG.java:251)
at org.testng.remote.RemoteTestNG.main(RemoteTestNG.java:77)
]]>
            </full-stacktrace>
          </exception> <!-- java.lang.AssertionError -->
          <reporter-output>
          </reporter-output>
        </test-method> <!-- getAdvertisePageFormTitle -->
        <test-method is-config="true" signature="tearDown(org.testng.ITestResult)[pri:0, instance:testsMoreMenuItem.AdvertisePageTests@209da20d]" started-at="2021-09-13T18:16:27 IST" name="tearDown" finished-at="2021-09-13T18:16:28 IST" duration-ms="635" status="PASS">
          <params>
            <param index="0">
              <value>
                <![CDATA[[TestResult name=getAdvertisePageFormTitle status=FAILURE method=AdvertisePageTests.getAdvertisePageFormTitle()[pri:4, instance:testsMoreMenuItem.AdvertisePageTests@209da20d] output={null}]]]>
              </value>
            </param>
          </params>
          <reporter-output>
          </reporter-output>
        </test-method> <!-- tearDown -->
        <test-method is-config="true" signature="endReport()[pri:0, instance:testsMoreMenuItem.AdvertisePageTests@209da20d]" started-at="2021-09-13T18:16:28 IST" name="endReport" finished-at="2021-09-13T18:16:28 IST" duration-ms="291" status="PASS">
          <reporter-output>
          </reporter-output>
        </test-method> <!-- endReport -->
      </class> <!-- testsMoreMenuItem.AdvertisePageTests -->
    </test> <!-- Default test -->
  </suite> <!-- Default suite -->
</testng-results>
